2023-08-31 09:41:07:417 - [32minfo[39m: [32mconectado a porta:: 3000[39m
2023-08-31 09:41:52:4152 - [32minfo[39m: [32mconectado a porta:: 3000[39m
2023-08-31 09:42:08:428 - [32minfo[39m: [32mConectado ao banco de dados.[39m
2023-08-31 09:42:08:428 - [32minfo[39m: [32mconectado a porta:: 3000[39m
2023-08-31 09:42:31:4231 - [32minfo[39m: [32mNão foi possível conectar ao banco de dados[39m
2023-08-31 09:42:31:4231 - [32minfo[39m: [32mErro Error: querySrv ENOTFOUND _mongodb._tcp.cluster0.z37qzci.mongodb.ne[39m
2023-08-31 09:42:31:4231 - [32minfo[39m: [32mconectado a porta:: 3000[39m
2023-08-31 09:42:39:4239 - [32minfo[39m: [32mConectado ao banco de dados.[39m
2023-08-31 09:42:39:4239 - [32minfo[39m: [32mconectado a porta:: 3000[39m
2023-08-31 09:42:45:4245 - [32minfo[39m: [32mNão foi possível conectar ao banco de dados[39m
2023-08-31 09:42:45:4245 - [32minfo[39m: [32mErro Error: querySrv ENOTFOUND _mongodb._tcp.cluster0.z37zci.mongodb.net[39m
2023-08-31 09:42:45:4245 - [32minfo[39m: [32mconectado a porta:: 3000[39m
2023-08-31 09:42:51:4251 - [32minfo[39m: [32mConectado ao banco de dados.[39m
2023-08-31 09:42:51:4251 - [32minfo[39m: [32mconectado a porta:: 3000[39m
2023-08-31 09:42:58:4258 - [32minfo[39m: [32mNão foi possível conectar ao banco de dados[39m
2023-08-31 09:42:58:4258 - [32minfo[39m: [32mErro Error: querySrv ENOTFOUND _mongodb._tcp.cluster0.zci.mongodb.net[39m
2023-08-31 09:42:58:4258 - [32minfo[39m: [32mconectado a porta:: 3000[39m
2023-08-31 09:43:06:436 - [32minfo[39m: [32mConectado ao banco de dados.[39m
2023-08-31 09:43:06:436 - [32minfo[39m: [32mconectado a porta:: 3000[39m
2023-08-31 09:44:50:4450 - [32minfo[39m: [32mConectado ao banco de dados.[39m
2023-08-31 09:44:50:4450 - [32minfo[39m: [32mconectado a porta:: 3000[39m
2023-08-31 09:46:22:4622 - [32minfo[39m: [32mConectado ao banco de dados.[39m
2023-08-31 09:46:22:4622 - [32minfo[39m: [32mconectado a porta:: 3000[39m
2023-08-31 09:46:32:4632 - [32minfo[39m: [32mNão foi possível conectar ao banco de dados[39m
2023-08-31 09:46:39:4639 - [32minfo[39m: [32mConectado ao banco de dados.[39m
2023-08-31 09:46:39:4639 - [32minfo[39m: [32mconectado a porta:: 3000[39m
2023-08-31 09:47:49:4749 - [32minfo[39m: [32mConectado ao banco de dados.[39m
2023-08-31 09:47:49:4749 - [32minfo[39m: [32mconectado a porta:: 3000[39m
2023-08-31 09:48:13:4813 - [32minfo[39m: [32mConectado ao banco de dados.[39m
2023-08-31 09:48:13:4813 - [32minfo[39m: [32mconectado a porta:: 3000[39m
2023-08-31 09:48:29:4829 - [32minfo[39m: [32mConectado ao banco de dados.[39m
2023-08-31 09:48:29:4829 - [32minfo[39m: [32mconectado a porta:: 3000[39m
